<?xml version="1.0" encoding="UTF-8"?>
<!-- Generated by org.testng.reporters.JUnitXMLReporter -->
<testsuite ignored="0" hostname="NikPuj" failures="1" tests="3" name="Default test" time="84.106" errors="0" timestamp="2026-01-19T00:04:46 IST">
  <testcase classname="io.cucumber.testng.AbstractTestNGCucumberTests" name="runScenario" time="49.583"/>
  <testcase classname="io.cucumber.testng.AbstractTestNGCucumberTests" name="runScenario" time="15.445"/>
  <testcase classname="io.cucumber.testng.AbstractTestNGCucumberTests" name="runScenario" time="18.365">
    <failure type="java.lang.NullPointerException" message="Cannot invoke &amp;quot;pom.Live_StatusPage.verifyTrainsPageTitle(String)&amp;quot; because &amp;quot;this.live_StatusPage&amp;quot; is null">
      <![CDATA[java.lang.NullPointerException: Cannot invoke "pom.Live_StatusPage.verifyTrainsPageTitle(String)" because "this.live_StatusPage" is null
at stepDef.TrainStepDef.click_ai_Popup(TrainStepDef.java:312)
at ✽.User closed ai Popup(file:///C:/Users/pujak/git/MakeMyTripAutomation/MakeMyTripAutomation/src/test/resources/features/TrainBooking.feature:48)
]]>
    </failure>
  </testcase> <!-- runScenario -->
</testsuite> <!-- Default test -->
