{"uuid":"75bc6e4f-a6d2-43a2-b710-a11842658fb7","historyId":"c265dfe5fbb11a1346c1550f7fd28652","fullName":"io.cucumber.testng.AbstractTestNGCucumberTests.runScenario","labels":[{"name":"package","value":"runner.TestRunner"},{"name":"testClass","value":"runner.TestRunner"},{"name":"testMethod","value":"runScenario"},{"name":"parentSuite","value":"Default suite"},{"name":"suite","value":"Default test"},{"name":"subSuite","value":"runner.TestRunner"},{"name":"host","value":"NikPuj"},{"name":"thread","value":"11560@NikPuj.main(1)"},{"name":"framework","value":"testng"},{"name":"language","value":"java"}],"links":[],"name":"Runs Cucumber Scenarios","status":"failed","statusDetails":{"known":false,"muted":false,"flaky":false,"message":"Failed to enter and select source city","trace":"java.lang.AssertionError: Failed to enter and select source city\r\n\tat org.testng.Assert.fail(Assert.java:99)\r\n\tat pom.Book_HomePage.verifySourceCity(Book_HomePage.java:145)\r\n\tat stepDef.TrainStepDef.click_and_Enter_and_Select_Source_City(TrainStepDef.java:80)\r\n\tat âœ½.User click and enter \"Pune\" as a source city and select matched city \"PUNE\"(file:///C:/Users/pujak/git/MakeMyTripAutomation/MakeMyTripAutomation/src/test/resources/features/TrainBooking.feature:8)\r\nCaused by: org.openqa.selenium.ElementClickInterceptedException: element click intercepted: Element <span class=\"sr_iata grayText latoBold pushRight\">...</span> is not clickable at point (441, 420). Other element would receive the click: <img height=\"134\" width=\"134\" alt=\"\" src=\"https://promos.makemytrip.com/images//Desktop-AdharLinking-27Jun.jpg?im=Resize=(134,134)\" loading=\"lazy\">\n  (Session info: chrome=144.0.7559.97)\nBuild info: version: '4.39.0', revision: '126f156aee'\nSystem info: os.name: 'Windows 11', os.arch: 'amd64', os.version: '10.0', java.version: '21.0.8'\nDriver info: org.openqa.selenium.chrome.ChromeDriver\nCommand: [0606e31719a92e24c79cdcd9c3b866a3, clickElement {id=f.0679F2D121DB43C71D5A065E5AC42631.d.9CFFB838008D70C1235C269F8F3EAA51.e.355}]\nCapabilities {acceptInsecureCerts: false, browserName: chrome, browserVersion: 144.0.7559.97, chrome: {chromedriverVersion: 144.0.7559.96 (d7b80622cfab..., userDataDir: C:\\Users\\pujak\\AppData\\Loca...}, fedcm:accounts: true, goog:chromeOptions: {debuggerAddress: localhost:54166}, goog:processID: 29052, networkConnectionEnabled: false, pageLoadStrategy: normal, platformName: windows, proxy: Proxy(), se:cdp: ws://localhost:54166/devtoo..., se:cdpVersion: 144.0.7559.97, setWindowRect: true, strictFileInteractability: false, timeouts: {implicit: 0, pageLoad: 300000, script: 30000}, unhandledPromptBehavior: dismiss and notify, webauthn:extension:credBlob: true, webauthn:extension:largeBlob: true, webauthn:extension:minPinLength: true, webauthn:extension:prf: true, webauthn:virtualAuthenticators: true}\nElement: [[ChromeDriver: chrome on windows (0606e31719a92e24c79cdcd9c3b866a3)] -> xpath: //ul[@class='react-autosuggest__suggestions-list']//li//div/span]\nSession ID: 0606e31719a92e24c79cdcd9c3b866a3\r\n\tat java.base/jdk.internal.reflect.DirectConstructorHandleAccessor.newInstance(DirectConstructorHandleAccessor.java:62)\r\n\tat java.base/java.lang.reflect.Constructor.newInstanceWithCaller(Constructor.java:502)\r\n\tat java.base/java.lang.reflect.Constructor.newInstance(Constructor.java:486)\r\n\tat org.openqa.selenium.remote.ErrorCodec.decode(ErrorCodec.java:167)\r\n\tat org.openqa.selenium.remote.codec.w3c.W3CHttpResponseCodec.decode(W3CHttpResponseCodec.java:142)\r\n\tat org.openqa.selenium.remote.codec.w3c.W3CHttpResponseCodec.decode(W3CHttpResponseCodec.java:49)\r\n\tat org.openqa.selenium.remote.HttpCommandExecutor.execute(HttpCommandExecutor.java:215)\r\n\tat org.openqa.selenium.remote.service.DriverCommandExecutor.invokeExecute(DriverCommandExecutor.java:216)\r\n\tat org.openqa.selenium.remote.service.DriverCommandExecutor.execute(DriverCommandExecutor.java:174)\r\n\tat org.openqa.selenium.remote.RemoteWebDriver.execute(RemoteWebDriver.java:561)\r\n\tat org.openqa.selenium.remote.RemoteWebElement.execute(RemoteWebElement.java:223)\r\n\tat org.openqa.selenium.remote.RemoteWebElement.click(RemoteWebElement.java:76)\r\n\tat pom.Book_HomePage.verifySourceCity(Book_HomePage.java:133)\r\n\t... 2 more\r\n"},"stage":"finished","steps":[],"attachments":[],"parameters":[{"name":"arg1","value":"\"To verify trains tab.\""},{"name":"arg0","value":"\"Verify user can book train tickets.\""}],"start":1769533014852,"stop":1769533027964}