<?xml version="1.0" encoding="UTF-8"?>
<!-- Generated by org.testng.reporters.JUnitReportReporter -->
<testsuite hostname="NikPuj" failures="0" tests="3" name="runner.TestRunner" time="66.734" errors="0" timestamp="2026-02-02T23:21:22 IST" skipped="0">
  <testcase classname="runner.TestRunner" name="runScenario" time="14.385"/>
  <testcase classname="runner.TestRunner" name="runScenario" time="30.015"/>
  <testcase classname="runner.TestRunner" name="runScenario" time="22.334"/>
</testsuite> <!-- runner.TestRunner -->
