<?xml version="1.0" encoding="UTF-8"?>
<!-- Generated by org.testng.reporters.JUnitReportReporter -->
<testsuite hostname="NikPuj" failures="0" tests="3" name="runner.TestRunner" time="63.325" errors="0" timestamp="2026-01-27T22:47:57 IST" skipped="0">
  <testcase classname="runner.TestRunner" name="runScenario" time="29.651"/>
  <testcase classname="runner.TestRunner" name="runScenario" time="13.919"/>
  <testcase classname="runner.TestRunner" name="runScenario" time="19.755"/>
</testsuite> <!-- runner.TestRunner -->
