<?xml version="1.0" encoding="UTF-8"?>
<!-- Generated by org.testng.reporters.JUnitReportReporter -->
<testsuite hostname="NikPuj" failures="0" tests="3" name="runner.TestRunner" time="83.393" errors="1" timestamp="2026-01-19T00:04:46 IST" skipped="0">
  <testcase classname="runner.TestRunner" name="runScenario" time="18.365">
    <error message="Cannot invoke &quot;pom.Live_StatusPage.verifyTrainsPageTitle(String)&quot; because &quot;this.live_StatusPage&quot; is null" type="java.lang.NullPointerException">
      <![CDATA[java.lang.NullPointerException: Cannot invoke "pom.Live_StatusPage.verifyTrainsPageTitle(String)" because "this.live_StatusPage" is null
at stepDef.TrainStepDef.click_ai_Popup(TrainStepDef.java:312)
at ✽.User closed ai Popup(file:///C:/Users/pujak/git/MakeMyTripAutomation/MakeMyTripAutomation/src/test/resources/features/TrainBooking.feature:48)
]]>
    </error>
  </testcase> <!-- runScenario -->
  <testcase classname="runner.TestRunner" name="runScenario" time="49.583"/>
  <testcase classname="runner.TestRunner" name="runScenario" time="15.445"/>
</testsuite> <!-- runner.TestRunner -->
