<?xml version="1.0" encoding="UTF-8"?>
<testng-results ignored="0" total="3" passed="3" failed="0" skipped="0">
  <reporter-output>
  </reporter-output>
  <suite started-at="2026-02-02T23:20:15 IST" name="Default suite" finished-at="2026-02-02T23:21:22 IST" duration-ms="67536">
    <groups>
      <group name="cucumber">
        <method signature="AbstractTestNGCucumberTests.runScenario(io.cucumber.testng.PickleWrapper,io.cucumber.testng.FeatureWrapper)[pri:0, instance:runner.TestRunner@64e7619d]" name="runScenario" class="io.cucumber.testng.AbstractTestNGCucumberTests"/>
      </group> <!-- cucumber -->
    </groups>
    <test started-at="2026-02-02T23:20:15 IST" name="Default test" finished-at="2026-02-02T23:21:22 IST" duration-ms="67536">
      <class name="runner.TestRunner">
        <test-method is-config="true" signature="setUpClass(org.testng.ITestContext)[pri:0, instance:runner.TestRunner@64e7619d]" started-at="2026-02-02T23:20:15 IST" name="setUpClass" finished-at="2026-02-02T23:20:15 IST" duration-ms="667" status="PASS">
          <params>
            <param index="0">
              <value>
                <![CDATA[org.testng.TestRunner@49986178]]>
              </value>
            </param>
          </params>
          <reporter-output>
          </reporter-output>
        </test-method> <!-- setUpClass -->
        <test-method signature="runScenario(io.cucumber.testng.PickleWrapper,io.cucumber.testng.FeatureWrapper)[pri:0, instance:runner.TestRunner@64e7619d]" started-at="2026-02-02T23:20:15 IST" name="runScenario" description="Runs Cucumber Scenarios" data-provider="scenarios" finished-at="2026-02-02T23:20:45 IST" duration-ms="30015" status="PASS">
          <params>
            <param index="0">
              <value>
                <![CDATA["Verify user can book train tickets."]]>
              </value>
            </param>
            <param index="1">
              <value>
                <![CDATA["To verify trains tab."]]>
              </value>
            </param>
          </params>
          <reporter-output>
          </reporter-output>
        </test-method> <!-- runScenario -->
        <test-method signature="runScenario(io.cucumber.testng.PickleWrapper,io.cucumber.testng.FeatureWrapper)[pri:0, instance:runner.TestRunner@64e7619d]" started-at="2026-02-02T23:20:45 IST" name="runScenario" description="Runs Cucumber Scenarios" data-provider="scenarios" finished-at="2026-02-02T23:21:00 IST" duration-ms="14385" status="PASS">
          <params>
            <param index="0">
              <value>
                <![CDATA["Verify user can check PNR status."]]>
              </value>
            </param>
            <param index="1">
              <value>
                <![CDATA["To verify trains tab."]]>
              </value>
            </param>
          </params>
          <reporter-output>
          </reporter-output>
        </test-method> <!-- runScenario -->
        <test-method signature="runScenario(io.cucumber.testng.PickleWrapper,io.cucumber.testng.FeatureWrapper)[pri:0, instance:runner.TestRunner@64e7619d]" started-at="2026-02-02T23:21:00 IST" name="runScenario" description="Runs Cucumber Scenarios" data-provider="scenarios" finished-at="2026-02-02T23:21:22 IST" duration-ms="22334" status="PASS">
          <params>
            <param index="0">
              <value>
                <![CDATA["Verify user can live train status."]]>
              </value>
            </param>
            <param index="1">
              <value>
                <![CDATA["To verify trains tab."]]>
              </value>
            </param>
          </params>
          <reporter-output>
          </reporter-output>
        </test-method> <!-- runScenario -->
        <test-method is-config="true" signature="tearDownClass()[pri:0, instance:runner.TestRunner@64e7619d]" started-at="2026-02-02T23:21:22 IST" name="tearDownClass" finished-at="2026-02-02T23:21:22 IST" duration-ms="13" status="PASS">
          <reporter-output>
          </reporter-output>
        </test-method> <!-- tearDownClass -->
      </class> <!-- runner.TestRunner -->
    </test> <!-- Default test -->
  </suite> <!-- Default suite -->
</testng-results>
