<?xml version="1.0" encoding="UTF-8"?>
<testng-results ignored="0" total="3" passed="3" failed="0" skipped="0">
  <reporter-output>
  </reporter-output>
  <suite started-at="2026-01-27T22:46:53 IST" name="Default suite" finished-at="2026-01-27T22:47:57 IST" duration-ms="63988">
    <groups>
      <group name="cucumber">
        <method signature="AbstractTestNGCucumberTests.runScenario(io.cucumber.testng.PickleWrapper,io.cucumber.testng.FeatureWrapper)[pri:0, instance:runner.TestRunner@76b07f29]" name="runScenario" class="io.cucumber.testng.AbstractTestNGCucumberTests"/>
      </group> <!-- cucumber -->
    </groups>
    <test started-at="2026-01-27T22:46:53 IST" name="Default test" finished-at="2026-01-27T22:47:57 IST" duration-ms="63988">
      <class name="runner.TestRunner">
        <test-method is-config="true" signature="setUpClass(org.testng.ITestContext)[pri:0, instance:runner.TestRunner@76b07f29]" started-at="2026-01-27T22:46:53 IST" name="setUpClass" finished-at="2026-01-27T22:46:54 IST" duration-ms="535" status="PASS">
          <params>
            <param index="0">
              <value>
                <![CDATA[org.testng.TestRunner@6ace919c]]>
              </value>
            </param>
          </params>
          <reporter-output>
          </reporter-output>
        </test-method> <!-- setUpClass -->
        <test-method signature="runScenario(io.cucumber.testng.PickleWrapper,io.cucumber.testng.FeatureWrapper)[pri:0, instance:runner.TestRunner@76b07f29]" started-at="2026-01-27T22:46:54 IST" name="runScenario" description="Runs Cucumber Scenarios" data-provider="scenarios" finished-at="2026-01-27T22:47:23 IST" duration-ms="29651" status="PASS">
          <params>
            <param index="0">
              <value>
                <![CDATA["Verify user can book train tickets."]]>
              </value>
            </param>
            <param index="1">
              <value>
                <![CDATA["To verify trains tab."]]>
              </value>
            </param>
          </params>
          <reporter-output>
          </reporter-output>
        </test-method> <!-- runScenario -->
        <test-method signature="runScenario(io.cucumber.testng.PickleWrapper,io.cucumber.testng.FeatureWrapper)[pri:0, instance:runner.TestRunner@76b07f29]" started-at="2026-01-27T22:47:24 IST" name="runScenario" description="Runs Cucumber Scenarios" data-provider="scenarios" finished-at="2026-01-27T22:47:37 IST" duration-ms="13919" status="PASS">
          <params>
            <param index="0">
              <value>
                <![CDATA["Verify user can check PNR status."]]>
              </value>
            </param>
            <param index="1">
              <value>
                <![CDATA["To verify trains tab."]]>
              </value>
            </param>
          </params>
          <reporter-output>
          </reporter-output>
        </test-method> <!-- runScenario -->
        <test-method signature="runScenario(io.cucumber.testng.PickleWrapper,io.cucumber.testng.FeatureWrapper)[pri:0, instance:runner.TestRunner@76b07f29]" started-at="2026-01-27T22:47:37 IST" name="runScenario" description="Runs Cucumber Scenarios" data-provider="scenarios" finished-at="2026-01-27T22:47:57 IST" duration-ms="19755" status="PASS">
          <params>
            <param index="0">
              <value>
                <![CDATA["Verify user can live train status."]]>
              </value>
            </param>
            <param index="1">
              <value>
                <![CDATA["To verify trains tab."]]>
              </value>
            </param>
          </params>
          <reporter-output>
          </reporter-output>
        </test-method> <!-- runScenario -->
        <test-method is-config="true" signature="tearDownClass()[pri:0, instance:runner.TestRunner@76b07f29]" started-at="2026-01-27T22:47:57 IST" name="tearDownClass" finished-at="2026-01-27T22:47:57 IST" duration-ms="14" status="PASS">
          <reporter-output>
          </reporter-output>
        </test-method> <!-- tearDownClass -->
      </class> <!-- runner.TestRunner -->
    </test> <!-- Default test -->
  </suite> <!-- Default suite -->
</testng-results>
