<?xml version="1.0" encoding="UTF-8"?>
<testng-results ignored="0" total="3" passed="2" failed="1" skipped="0">
  <reporter-output>
  </reporter-output>
  <suite started-at="2026-01-19T00:03:22 IST" name="Default suite" finished-at="2026-01-19T00:04:46 IST" duration-ms="84106">
    <groups>
      <group name="cucumber">
        <method signature="AbstractTestNGCucumberTests.runScenario(io.cucumber.testng.PickleWrapper,io.cucumber.testng.FeatureWrapper)[pri:0, instance:runner.TestRunner@76b07f29]" name="runScenario" class="io.cucumber.testng.AbstractTestNGCucumberTests"/>
      </group> <!-- cucumber -->
    </groups>
    <test started-at="2026-01-19T00:03:22 IST" name="Default test" finished-at="2026-01-19T00:04:46 IST" duration-ms="84106">
      <class name="runner.TestRunner">
        <test-method is-config="true" signature="setUpClass(org.testng.ITestContext)[pri:0, instance:runner.TestRunner@76b07f29]" started-at="2026-01-19T00:03:22 IST" name="setUpClass" finished-at="2026-01-19T00:03:23 IST" duration-ms="572" status="PASS">
          <params>
            <param index="0">
              <value>
                <![CDATA[org.testng.TestRunner@283d3628]]>
              </value>
            </param>
          </params>
          <reporter-output>
          </reporter-output>
        </test-method> <!-- setUpClass -->
        <test-method signature="runScenario(io.cucumber.testng.PickleWrapper,io.cucumber.testng.FeatureWrapper)[pri:0, instance:runner.TestRunner@76b07f29]" started-at="2026-01-19T00:03:23 IST" name="runScenario" description="Runs Cucumber Scenarios" data-provider="scenarios" finished-at="2026-01-19T00:04:12 IST" duration-ms="49583" status="PASS">
          <params>
            <param index="0">
              <value>
                <![CDATA["Verify user can book train tickets."]]>
              </value>
            </param>
            <param index="1">
              <value>
                <![CDATA["To verify trains tab."]]>
              </value>
            </param>
          </params>
          <reporter-output>
          </reporter-output>
        </test-method> <!-- runScenario -->
        <test-method signature="runScenario(io.cucumber.testng.PickleWrapper,io.cucumber.testng.FeatureWrapper)[pri:0, instance:runner.TestRunner@76b07f29]" started-at="2026-01-19T00:04:12 IST" name="runScenario" description="Runs Cucumber Scenarios" data-provider="scenarios" finished-at="2026-01-19T00:04:28 IST" duration-ms="15445" status="PASS">
          <params>
            <param index="0">
              <value>
                <![CDATA["Verify user can check PNR status."]]>
              </value>
            </param>
            <param index="1">
              <value>
                <![CDATA["To verify trains tab."]]>
              </value>
            </param>
          </params>
          <reporter-output>
          </reporter-output>
        </test-method> <!-- runScenario -->
        <test-method signature="runScenario(io.cucumber.testng.PickleWrapper,io.cucumber.testng.FeatureWrapper)[pri:0, instance:runner.TestRunner@76b07f29]" started-at="2026-01-19T00:04:28 IST" name="runScenario" description="Runs Cucumber Scenarios" data-provider="scenarios" finished-at="2026-01-19T00:04:46 IST" duration-ms="18365" status="FAIL">
          <params>
            <param index="0">
              <value>
                <![CDATA["Verify user can live train status."]]>
              </value>
            </param>
            <param index="1">
              <value>
                <![CDATA["To verify trains tab."]]>
              </value>
            </param>
          </params>
          <exception class="java.lang.NullPointerException">
            <message>
              <![CDATA[Cannot invoke "pom.Live_StatusPage.verifyTrainsPageTitle(String)" because "this.live_StatusPage" is null]]>
            </message>
            <full-stacktrace>
              <![CDATA[java.lang.NullPointerException: Cannot invoke "pom.Live_StatusPage.verifyTrainsPageTitle(String)" because "this.live_StatusPage" is null
at stepDef.TrainStepDef.click_ai_Popup(TrainStepDef.java:312)
at ✽.User closed ai Popup(file:///C:/Users/pujak/git/MakeMyTripAutomation/MakeMyTripAutomation/src/test/resources/features/TrainBooking.feature:48)
]]>
            </full-stacktrace>
          </exception> <!-- java.lang.NullPointerException -->
          <reporter-output>
          </reporter-output>
        </test-method> <!-- runScenario -->
        <test-method is-config="true" signature="tearDownClass()[pri:0, instance:runner.TestRunner@76b07f29]" started-at="2026-01-19T00:04:46 IST" name="tearDownClass" finished-at="2026-01-19T00:04:46 IST" duration-ms="13" status="PASS">
          <reporter-output>
          </reporter-output>
        </test-method> <!-- tearDownClass -->
      </class> <!-- runner.TestRunner -->
    </test> <!-- Default test -->
  </suite> <!-- Default suite -->
</testng-results>
